0 info it worked if it ends with ok
1 verbose cli [ 'C:\\Program Files (x86)\\nodejs\\\\node.exe',
1 verbose cli   'C:\\Program Files (x86)\\nodejs\\node_modules\\npm\\bin\\npm-cli.js',
1 verbose cli   'install' ]
2 info using npm@1.4.28
3 info using node@v0.10.35
4 verbose node symlink C:\Program Files (x86)\nodejs\\node.exe
5 verbose readDependencies using package.json deps
6 verbose install where, deps [ 'C:\\Users\\Marmik\\Desktop\\snapSearch\\alchemyapi_node',
6 verbose install   [ 'express', 'request', 'consolidate', 'dustjs-linkedin' ] ]
7 info preinstall alchemyapi_node@0.10.1
8 verbose readDependencies using package.json deps
9 verbose cache add [ 'express@3.4.0', null ]
10 verbose cache add name=undefined spec="express@3.4.0" args=["express@3.4.0",null]
11 verbose parsed url { protocol: null,
11 verbose parsed url   slashes: null,
11 verbose parsed url   auth: null,
11 verbose parsed url   host: null,
11 verbose parsed url   port: null,
11 verbose parsed url   hostname: null,
11 verbose parsed url   hash: null,
11 verbose parsed url   search: null,
11 verbose parsed url   query: null,
11 verbose parsed url   pathname: 'express@3.4.0',
11 verbose parsed url   path: 'express@3.4.0',
11 verbose parsed url   href: 'express@3.4.0' }
12 verbose cache add [ 'request@~2.27.0', null ]
13 verbose cache add name=undefined spec="request@~2.27.0" args=["request@~2.27.0",null]
14 verbose parsed url { protocol: null,
14 verbose parsed url   slashes: null,
14 verbose parsed url   auth: null,
14 verbose parsed url   host: null,
14 verbose parsed url   port: null,
14 verbose parsed url   hostname: null,
14 verbose parsed url   hash: null,
14 verbose parsed url   search: null,
14 verbose parsed url   query: null,
14 verbose parsed url   pathname: 'request@~2.27.0',
14 verbose parsed url   path: 'request@~2.27.0',
14 verbose parsed url   href: 'request@~2.27.0' }
15 verbose cache add [ 'consolidate@~0.9.1', null ]
16 verbose cache add name=undefined spec="consolidate@~0.9.1" args=["consolidate@~0.9.1",null]
17 verbose parsed url { protocol: null,
17 verbose parsed url   slashes: null,
17 verbose parsed url   auth: null,
17 verbose parsed url   host: null,
17 verbose parsed url   port: null,
17 verbose parsed url   hostname: null,
17 verbose parsed url   hash: null,
17 verbose parsed url   search: null,
17 verbose parsed url   query: null,
17 verbose parsed url   pathname: 'consolidate@~0.9.1',
17 verbose parsed url   path: 'consolidate@~0.9.1',
17 verbose parsed url   href: 'consolidate@~0.9.1' }
18 verbose cache add [ 'dustjs-linkedin@~2.0.3', null ]
19 verbose cache add name=undefined spec="dustjs-linkedin@~2.0.3" args=["dustjs-linkedin@~2.0.3",null]
20 verbose parsed url { protocol: null,
20 verbose parsed url   slashes: null,
20 verbose parsed url   auth: null,
20 verbose parsed url   host: null,
20 verbose parsed url   port: null,
20 verbose parsed url   hostname: null,
20 verbose parsed url   hash: null,
20 verbose parsed url   search: null,
20 verbose parsed url   query: null,
20 verbose parsed url   pathname: 'dustjs-linkedin@~2.0.3',
20 verbose parsed url   path: 'dustjs-linkedin@~2.0.3',
20 verbose parsed url   href: 'dustjs-linkedin@~2.0.3' }
21 verbose cache add name="express" spec="3.4.0" args=["express","3.4.0"]
22 verbose parsed url { protocol: null,
22 verbose parsed url   slashes: null,
22 verbose parsed url   auth: null,
22 verbose parsed url   host: null,
22 verbose parsed url   port: null,
22 verbose parsed url   hostname: null,
22 verbose parsed url   hash: null,
22 verbose parsed url   search: null,
22 verbose parsed url   query: null,
22 verbose parsed url   pathname: '3.4.0',
22 verbose parsed url   path: '3.4.0',
22 verbose parsed url   href: '3.4.0' }
23 verbose addNamed [ 'express', '3.4.0' ]
24 verbose addNamed [ '3.4.0', '3.4.0' ]
25 verbose cache add name="request" spec="~2.27.0" args=["request","~2.27.0"]
26 verbose parsed url { protocol: null,
26 verbose parsed url   slashes: null,
26 verbose parsed url   auth: null,
26 verbose parsed url   host: null,
26 verbose parsed url   port: null,
26 verbose parsed url   hostname: null,
26 verbose parsed url   hash: null,
26 verbose parsed url   search: null,
26 verbose parsed url   query: null,
26 verbose parsed url   pathname: '~2.27.0',
26 verbose parsed url   path: '~2.27.0',
26 verbose parsed url   href: '~2.27.0' }
27 verbose addNamed [ 'request', '~2.27.0' ]
28 verbose addNamed [ null, '>=2.27.0-0 <2.28.0-0' ]
29 verbose cache add name="consolidate" spec="~0.9.1" args=["consolidate","~0.9.1"]
30 verbose parsed url { protocol: null,
30 verbose parsed url   slashes: null,
30 verbose parsed url   auth: null,
30 verbose parsed url   host: null,
30 verbose parsed url   port: null,
30 verbose parsed url   hostname: null,
30 verbose parsed url   hash: null,
30 verbose parsed url   search: null,
30 verbose parsed url   query: null,
30 verbose parsed url   pathname: '~0.9.1',
30 verbose parsed url   path: '~0.9.1',
30 verbose parsed url   href: '~0.9.1' }
31 verbose addNamed [ 'consolidate', '~0.9.1' ]
32 verbose addNamed [ null, '>=0.9.1-0 <0.10.0-0' ]
33 verbose cache add name="dustjs-linkedin" spec="~2.0.3" args=["dustjs-linkedin","~2.0.3"]
34 verbose parsed url { protocol: null,
34 verbose parsed url   slashes: null,
34 verbose parsed url   auth: null,
34 verbose parsed url   host: null,
34 verbose parsed url   port: null,
34 verbose parsed url   hostname: null,
34 verbose parsed url   hash: null,
34 verbose parsed url   search: null,
34 verbose parsed url   query: null,
34 verbose parsed url   pathname: '~2.0.3',
34 verbose parsed url   path: '~2.0.3',
34 verbose parsed url   href: '~2.0.3' }
35 verbose addNamed [ 'dustjs-linkedin', '~2.0.3' ]
36 verbose addNamed [ null, '>=2.0.3-0 <2.1.0-0' ]
37 silly lockFile 86194427-express-3-4-0 express@3.4.0
38 verbose lock express@3.4.0 C:\Users\Marmik\AppData\Roaming\npm-cache\86194427-express-3-4-0.lock
39 silly lockFile 999b8a1d-request-2-27-0 request@~2.27.0
40 verbose lock request@~2.27.0 C:\Users\Marmik\AppData\Roaming\npm-cache\999b8a1d-request-2-27-0.lock
41 silly lockFile 25e694a9-consolidate-0-9-1 consolidate@~0.9.1
42 verbose lock consolidate@~0.9.1 C:\Users\Marmik\AppData\Roaming\npm-cache\25e694a9-consolidate-0-9-1.lock
43 silly lockFile d0c8ad88-dustjs-linkedin-2-0-3 dustjs-linkedin@~2.0.3
44 verbose lock dustjs-linkedin@~2.0.3 C:\Users\Marmik\AppData\Roaming\npm-cache\d0c8ad88-dustjs-linkedin-2-0-3.lock
45 silly addNameRange { name: 'request',
45 silly addNameRange   range: '>=2.27.0-0 <2.28.0-0',
45 silly addNameRange   hasData: false }
46 silly addNameRange { name: 'consolidate',
46 silly addNameRange   range: '>=0.9.1-0 <0.10.0-0',
46 silly addNameRange   hasData: false }
47 silly addNameRange { name: 'dustjs-linkedin',
47 silly addNameRange   range: '>=2.0.3-0 <2.1.0-0',
47 silly addNameRange   hasData: false }
48 verbose request where is /dustjs-linkedin
49 verbose request registry https://registry.npmjs.org/
50 verbose request id fee86efc2480e74f
51 verbose url raw /dustjs-linkedin
52 verbose url resolving [ 'https://registry.npmjs.org/', './dustjs-linkedin' ]
53 verbose url resolved https://registry.npmjs.org/dustjs-linkedin
54 verbose request where is https://registry.npmjs.org/dustjs-linkedin
55 info trying registry request attempt 1 at 12:01:25
56 http GET https://registry.npmjs.org/dustjs-linkedin
57 verbose request where is /consolidate
58 verbose request registry https://registry.npmjs.org/
59 verbose url raw /consolidate
60 verbose url resolving [ 'https://registry.npmjs.org/', './consolidate' ]
61 verbose url resolved https://registry.npmjs.org/consolidate
62 verbose request where is https://registry.npmjs.org/consolidate
63 info trying registry request attempt 1 at 12:01:25
64 verbose etag "98TRGFBBHVX4GEGLQPB2VMHUC"
65 http GET https://registry.npmjs.org/consolidate
66 verbose request where is /request
67 verbose request registry https://registry.npmjs.org/
68 verbose url raw /request
69 verbose url resolving [ 'https://registry.npmjs.org/', './request' ]
70 verbose url resolved https://registry.npmjs.org/request
71 verbose request where is https://registry.npmjs.org/request
72 info trying registry request attempt 1 at 12:01:25
73 verbose etag "3LXQXCC5ZDFVX9S4UNH2X1B4T"
74 http GET https://registry.npmjs.org/request
75 verbose request where is /express
76 verbose request registry https://registry.npmjs.org/
77 verbose url raw /express
78 verbose url resolving [ 'https://registry.npmjs.org/', './express' ]
79 verbose url resolved https://registry.npmjs.org/express
80 verbose request where is https://registry.npmjs.org/express
81 info trying registry request attempt 1 at 12:01:25
82 verbose etag "AFDEB84JVZ438FCJNWPEWP8TG"
83 http GET https://registry.npmjs.org/express
84 info retry will retry, error on last attempt: Error: getaddrinfo EAGAIN
85 info retry will retry, error on last attempt: Error: getaddrinfo EAGAIN
86 info retry will retry, error on last attempt: Error: getaddrinfo EAGAIN
87 info retry will retry, error on last attempt: Error: getaddrinfo EAGAIN
88 info trying registry request attempt 2 at 12:01:35
89 verbose etag "98TRGFBBHVX4GEGLQPB2VMHUC"
90 http GET https://registry.npmjs.org/consolidate
91 info trying registry request attempt 2 at 12:01:35
92 http GET https://registry.npmjs.org/dustjs-linkedin
93 info trying registry request attempt 2 at 12:01:35
94 verbose etag "3LXQXCC5ZDFVX9S4UNH2X1B4T"
95 http GET https://registry.npmjs.org/request
96 info trying registry request attempt 2 at 12:01:35
97 verbose etag "AFDEB84JVZ438FCJNWPEWP8TG"
98 http GET https://registry.npmjs.org/express
99 info retry will retry, error on last attempt: Error: getaddrinfo EAGAIN
100 info retry will retry, error on last attempt: Error: getaddrinfo EAGAIN
101 info retry will retry, error on last attempt: Error: getaddrinfo EAGAIN
102 info retry will retry, error on last attempt: Error: getaddrinfo EAGAIN
103 info trying registry request attempt 3 at 12:02:35
104 verbose etag "98TRGFBBHVX4GEGLQPB2VMHUC"
105 http GET https://registry.npmjs.org/consolidate
106 info trying registry request attempt 3 at 12:02:35
107 http GET https://registry.npmjs.org/dustjs-linkedin
108 info trying registry request attempt 3 at 12:02:35
109 verbose etag "3LXQXCC5ZDFVX9S4UNH2X1B4T"
110 http GET https://registry.npmjs.org/request
111 info trying registry request attempt 3 at 12:02:35
112 verbose etag "AFDEB84JVZ438FCJNWPEWP8TG"
113 http GET https://registry.npmjs.org/express
114 silly registry.get cb [ 304, undefined ]
115 verbose etag https://registry.npmjs.org/consolidate from cache
116 silly lockFile d0c8ad88-dustjs-linkedin-2-0-3 dustjs-linkedin@~2.0.3
117 silly lockFile d0c8ad88-dustjs-linkedin-2-0-3 dustjs-linkedin@~2.0.3
118 silly registry.get cb [ 304, undefined ]
119 verbose etag https://registry.npmjs.org/request from cache
120 silly registry.get cb [ 304, undefined ]
121 verbose etag https://registry.npmjs.org/express from cache
122 silly addNameRange number 2 { name: 'consolidate',
122 silly addNameRange   range: '>=0.9.1-0 <0.10.0-0',
122 silly addNameRange   hasData: true }
123 silly addNameRange versions [ 'consolidate',
123 silly addNameRange   [ '0.0.1',
123 silly addNameRange     '0.1.0',
123 silly addNameRange     '0.2.0',
123 silly addNameRange     '0.3.0',
123 silly addNameRange     '0.3.1',
123 silly addNameRange     '0.4.0',
123 silly addNameRange     '0.5.0',
123 silly addNameRange     '0.6.0',
123 silly addNameRange     '0.7.0',
123 silly addNameRange     '0.8.0',
123 silly addNameRange     '0.9.0',
123 silly addNameRange     '0.9.1',
123 silly addNameRange     '0.10.0' ] ]
124 verbose addNamed [ 'consolidate', '0.9.1' ]
125 verbose addNamed [ '0.9.1', '0.9.1' ]
126 silly lockFile 8ae528db-consolidate-0-9-1 consolidate@0.9.1
127 verbose lock consolidate@0.9.1 C:\Users\Marmik\AppData\Roaming\npm-cache\8ae528db-consolidate-0-9-1.lock
128 silly addNameRange number 2 { name: 'request', range: '>=2.27.0-0 <2.28.0-0', hasData: true }
129 silly addNameRange versions [ 'request',
129 silly addNameRange   [ '0.10.0',
129 silly addNameRange     '0.8.3',
129 silly addNameRange     '0.9.0',
129 silly addNameRange     '0.9.1',
129 silly addNameRange     '0.9.5',
129 silly addNameRange     '1.0.0',
129 silly addNameRange     '1.1.0',
129 silly addNameRange     '1.1.1',
129 silly addNameRange     '1.2.0',
129 silly addNameRange     '1.9.0',
129 silly addNameRange     '1.9.1',
129 silly addNameRange     '1.9.2',
129 silly addNameRange     '1.9.3',
129 silly addNameRange     '1.9.5',
129 silly addNameRange     '1.9.7',
129 silly addNameRange     '1.9.8',
129 silly addNameRange     '1.9.9',
129 silly addNameRange     '2.0.0',
129 silly addNameRange     '2.0.1',
129 silly addNameRange     '2.0.2',
129 silly addNameRange     '2.0.3',
129 silly addNameRange     '2.0.4',
129 silly addNameRange     '2.0.5',
129 silly addNameRange     '2.1.0',
129 silly addNameRange     '2.1.1',
129 silly addNameRange     '2.2.0',
129 silly addNameRange     '2.2.5',
129 silly addNameRange     '2.2.6',
129 silly addNameRange     '2.2.9',
129 silly addNameRange     '2.9.0',
129 silly addNameRange     '2.9.1',
129 silly addNameRange     '2.9.2',
129 silly addNameRange     '2.9.3',
129 silly addNameRange     '2.9.100',
129 silly addNameRange     '2.9.150',
129 silly addNameRange     '2.9.151',
129 silly addNameRange     '2.9.152',
129 silly addNameRange     '2.9.153',
129 silly addNameRange     '2.9.200',
129 silly addNameRange     '2.9.201',
129 silly addNameRange     '2.9.202',
129 silly addNameRange     '2.9.203',
129 silly addNameRange     '2.10.0',
129 silly addNameRange     '2.11.0',
129 silly addNameRange     '2.11.1',
129 silly addNameRange     '2.11.2',
129 silly addNameRange     '2.11.3',
129 silly addNameRange     '2.11.4',
129 silly addNameRange     '2.12.0',
129 silly addNameRange     '2.14.0',
129 silly addNameRange     '2.16.0',
129 silly addNameRange     '2.16.2',
129 silly addNameRange     '2.16.4',
129 silly addNameRange     '2.16.6',
129 silly addNameRange     '2.18.0',
129 silly addNameRange     '2.19.0',
129 silly addNameRange     '2.20.0',
129 silly addNameRange     '2.21.0',
129 silly addNameRange     '2.22.0',
129 silly addNameRange     '2.23.0',
129 silly addNameRange     '2.24.0',
129 silly addNameRange     '2.25.0',
129 silly addNameRange     '2.26.0',
129 silly addNameRange     '2.27.0',
129 silly addNameRange     '2.28.0',
129 silly addNameRange     '2.29.0',
129 silly addNameRange     '2.30.0',
129 silly addNameRange     '2.31.0',
129 silly addNameRange     '2.32.0',
129 silly addNameRange     '2.33.0',
129 silly addNameRange     '2.34.0',
129 silly addNameRange     '2.35.0',
129 silly addNameRange     '2.36.0',
129 silly addNameRange     '2.37.0',
129 silly addNameRange     '2.38.0',
129 silly addNameRange     '2.39.0',
129 silly addNameRange     '2.40.0',
129 silly addNameRange     '2.41.0',
129 silly addNameRange     '2.42.0',
129 silly addNameRange     '2.43.0',
129 silly addNameRange     '2.44.0',
129 silly addNameRange     '2.45.0',
129 silly addNameRange     '2.46.0',
129 silly addNameRange     '2.47.0',
129 silly addNameRange     '2.48.0',
129 silly addNameRange     '2.49.0',
129 silly addNameRange     '2.50.0',
129 silly addNameRange     '2.51.0',
129 silly addNameRange     '2.52.0',
129 silly addNameRange     '2.53.0',
129 silly addNameRange     '2.54.0' ] ]
130 verbose addNamed [ 'request', '2.27.0' ]
131 verbose addNamed [ '2.27.0', '2.27.0' ]
132 silly lockFile 7b48fbe0-request-2-27-0 request@2.27.0
133 verbose lock request@2.27.0 C:\Users\Marmik\AppData\Roaming\npm-cache\7b48fbe0-request-2-27-0.lock
134 silly lockFile 48a83834-onsolidate-consolidate-0-9-1-tgz https://registry.npmjs.org/consolidate/-/consolidate-0.9.1.tgz
135 verbose lock https://registry.npmjs.org/consolidate/-/consolidate-0.9.1.tgz C:\Users\Marmik\AppData\Roaming\npm-cache\48a83834-onsolidate-consolidate-0-9-1-tgz.lock
136 silly lockFile 86194427-express-3-4-0 express@3.4.0
137 silly lockFile 86194427-express-3-4-0 express@3.4.0
138 verbose addRemoteTarball [ 'https://registry.npmjs.org/consolidate/-/consolidate-0.9.1.tgz',
138 verbose addRemoteTarball   '9bc97e721d69765f320f232207d4c77fa3e22ca2' ]
139 silly lockFile 7b48fbe0-request-2-27-0 request@2.27.0
140 silly lockFile 7b48fbe0-request-2-27-0 request@2.27.0
141 silly lockFile 999b8a1d-request-2-27-0 request@~2.27.0
142 silly lockFile 999b8a1d-request-2-27-0 request@~2.27.0
143 info retry fetch attempt 1 at 12:02:35
144 verbose fetch to= C:\Users\Marmik\AppData\Local\Temp\npm-856-omtpng7A\registry.npmjs.org\consolidate\-\consolidate-0.9.1.tgz
145 http GET https://registry.npmjs.org/consolidate/-/consolidate-0.9.1.tgz
146 error fetch failed https://registry.npmjs.org/consolidate/-/consolidate-0.9.1.tgz
147 info retry will retry, error on last attempt: Error: getaddrinfo EAGAIN
148 info retry fetch attempt 2 at 12:02:45
149 verbose fetch to= C:\Users\Marmik\AppData\Local\Temp\npm-856-omtpng7A\registry.npmjs.org\consolidate\-\consolidate-0.9.1.tgz
150 http GET https://registry.npmjs.org/consolidate/-/consolidate-0.9.1.tgz
151 error fetch failed https://registry.npmjs.org/consolidate/-/consolidate-0.9.1.tgz
152 info retry will retry, error on last attempt: Error: getaddrinfo EAGAIN
153 info retry fetch attempt 3 at 12:05:23
154 verbose fetch to= C:\Users\Marmik\AppData\Local\Temp\npm-856-omtpng7A\registry.npmjs.org\consolidate\-\consolidate-0.9.1.tgz
155 http GET https://registry.npmjs.org/consolidate/-/consolidate-0.9.1.tgz
156 error fetch failed https://registry.npmjs.org/consolidate/-/consolidate-0.9.1.tgz
157 silly lockFile 48a83834-onsolidate-consolidate-0-9-1-tgz https://registry.npmjs.org/consolidate/-/consolidate-0.9.1.tgz
158 silly lockFile 48a83834-onsolidate-consolidate-0-9-1-tgz https://registry.npmjs.org/consolidate/-/consolidate-0.9.1.tgz
159 silly lockFile 8ae528db-consolidate-0-9-1 consolidate@0.9.1
160 silly lockFile 8ae528db-consolidate-0-9-1 consolidate@0.9.1
161 silly lockFile 25e694a9-consolidate-0-9-1 consolidate@~0.9.1
162 silly lockFile 25e694a9-consolidate-0-9-1 consolidate@~0.9.1
163 error Error: getaddrinfo EAGAIN
163 error     at errnoException (dns.js:37:11)
163 error     at Object.onanswer [as oncomplete] (dns.js:124:16)
164 error If you need help, you may report this *entire* log,
164 error including the npm and node versions, at:
164 error     <http://github.com/npm/npm/issues>
165 error System Windows_NT 6.2.9200
166 error command "C:\\Program Files (x86)\\nodejs\\\\node.exe" "C:\\Program Files (x86)\\nodejs\\node_modules\\npm\\bin\\npm-cli.js" "install"
167 error cwd C:\Users\Marmik\Desktop\snapSearch\alchemyapi_node
168 error node -v v0.10.35
169 error npm -v 1.4.28
170 error syscall getaddrinfo
171 error code EAGAIN
172 error errno EAGAIN
173 verbose exit [ 1, true ]
